<?xml version="1.0" encoding="UTF-8"?>
<testsuites name="jest tests" tests="19" failures="6" errors="0" time="6.089">
  <testsuite name="undefined" errors="0" failures="0" skipped="0" timestamp="2023-04-11T10:43:44" time="4.783" tests="1">
    <testcase classname=" renders correctly" name=" renders correctly" time="0.037">
    </testcase>
  </testsuite>
  <testsuite name="Checkbox component" errors="0" failures="6" skipped="0" timestamp="2023-04-11T10:43:44" time="4.961" tests="6">
    <testcase classname="Checkbox component size sm" name="Checkbox component size sm" time="0.11">
      <failure>Error: expect(received).toMatchSnapshot()

Snapshot name: `Checkbox component size sm 1`

- Snapshot  - 1
+ Received  + 1

@@ -33,11 +33,11 @@
            &lt;div
              aria-label=&quot;Test Checkbox&quot;
              className=&quot;css-view-175oi2r&quot;
              data-style=&quot;896xuz-1q64x7k 1cx0eeq-1q64x7k&quot;
              dir={null}
-             id=&quot;react-aria2822413823-1&quot;
+             id=&quot;react-aria9151186279-1&quot;
              role=&quot;group&quot;
            &gt;
              &lt;label
                aria-label=&quot;Checkbox&quot;
                className=&quot;css-view-175oi2r&quot;
    at Object.&lt;anonymous&gt; (/Users/tailorankitbhaigopalbhai/Desktop/native-base/v4-gluestack/gluestack-ui/example/storybook/__tests__/Checkbox.test.js:47:24)
    at Promise.then.completed (/Users/tailorankitbhaigopalbhai/Desktop/native-base/v4-gluestack/gluestack-ui/node_modules/jest-circus/build/utils.js:293:28)
    at new Promise (&lt;anonymous&gt;)
    at callAsyncCircusFn (/Users/tailorankitbhaigopalbhai/Desktop/native-base/v4-gluestack/gluestack-ui/node_modules/jest-circus/build/utils.js:226:10)
    at _callCircusTest (/Users/tailorankitbhaigopalbhai/Desktop/native-base/v4-gluestack/gluestack-ui/node_modules/jest-circus/build/run.js:297:40)
    at processTicksAndRejections (node:internal/process/task_queues:96:5)
    at _runTest (/Users/tailorankitbhaigopalbhai/Desktop/native-base/v4-gluestack/gluestack-ui/node_modules/jest-circus/build/run.js:233:3)
    at _runTestsForDescribeBlock (/Users/tailorankitbhaigopalbhai/Desktop/native-base/v4-gluestack/gluestack-ui/node_modules/jest-circus/build/run.js:135:9)
    at _runTestsForDescribeBlock (/Users/tailorankitbhaigopalbhai/Desktop/native-base/v4-gluestack/gluestack-ui/node_modules/jest-circus/build/run.js:130:9)
    at run (/Users/tailorankitbhaigopalbhai/Desktop/native-base/v4-gluestack/gluestack-ui/node_modules/jest-circus/build/run.js:68:3)
    at runAndTransformResultsToJestFormat (/Users/tailorankitbhaigopalbhai/Desktop/native-base/v4-gluestack/gluestack-ui/node_modules/jest-circus/build/legacy-code-todo-rewrite/jestAdapterInit.js:122:21)
    at jestAdapter (/Users/tailorankitbhaigopalbhai/Desktop/native-base/v4-gluestack/gluestack-ui/node_modules/jest-circus/build/legacy-code-todo-rewrite/jestAdapter.js:79:19)
    at runTestInternal (/Users/tailorankitbhaigopalbhai/Desktop/native-base/v4-gluestack/gluestack-ui/node_modules/jest-runner/build/runTest.js:367:16)
    at runTest (/Users/tailorankitbhaigopalbhai/Desktop/native-base/v4-gluestack/gluestack-ui/node_modules/jest-runner/build/runTest.js:444:34)
    at Object.worker (/Users/tailorankitbhaigopalbhai/Desktop/native-base/v4-gluestack/gluestack-ui/node_modules/jest-runner/build/testWorker.js:106:12)</failure>
    </testcase>
    <testcase classname="Checkbox component size md" name="Checkbox component size md" time="0.017">
      <failure>Error: expect(received).toMatchSnapshot()

Snapshot name: `Checkbox component size md 1`

- Snapshot  - 1
+ Received  + 1

@@ -33,11 +33,11 @@
            &lt;div
              aria-label=&quot;Test Checkbox&quot;
              className=&quot;css-view-175oi2r&quot;
              data-style=&quot;896xuz-1q64x7k 1cx0eeq-1q64x7k&quot;
              dir={null}
-             id=&quot;react-aria2822413823-5&quot;
+             id=&quot;react-aria9151186279-5&quot;
              role=&quot;group&quot;
            &gt;
              &lt;label
                aria-label=&quot;Checkbox&quot;
                className=&quot;css-view-175oi2r&quot;
    at Object.&lt;anonymous&gt; (/Users/tailorankitbhaigopalbhai/Desktop/native-base/v4-gluestack/gluestack-ui/example/storybook/__tests__/Checkbox.test.js:47:24)
    at Promise.then.completed (/Users/tailorankitbhaigopalbhai/Desktop/native-base/v4-gluestack/gluestack-ui/node_modules/jest-circus/build/utils.js:293:28)
    at new Promise (&lt;anonymous&gt;)
    at callAsyncCircusFn (/Users/tailorankitbhaigopalbhai/Desktop/native-base/v4-gluestack/gluestack-ui/node_modules/jest-circus/build/utils.js:226:10)
    at _callCircusTest (/Users/tailorankitbhaigopalbhai/Desktop/native-base/v4-gluestack/gluestack-ui/node_modules/jest-circus/build/run.js:297:40)
    at _runTest (/Users/tailorankitbhaigopalbhai/Desktop/native-base/v4-gluestack/gluestack-ui/node_modules/jest-circus/build/run.js:233:3)
    at _runTestsForDescribeBlock (/Users/tailorankitbhaigopalbhai/Desktop/native-base/v4-gluestack/gluestack-ui/node_modules/jest-circus/build/run.js:135:9)
    at _runTestsForDescribeBlock (/Users/tailorankitbhaigopalbhai/Desktop/native-base/v4-gluestack/gluestack-ui/node_modules/jest-circus/build/run.js:130:9)
    at run (/Users/tailorankitbhaigopalbhai/Desktop/native-base/v4-gluestack/gluestack-ui/node_modules/jest-circus/build/run.js:68:3)
    at runAndTransformResultsToJestFormat (/Users/tailorankitbhaigopalbhai/Desktop/native-base/v4-gluestack/gluestack-ui/node_modules/jest-circus/build/legacy-code-todo-rewrite/jestAdapterInit.js:122:21)
    at jestAdapter (/Users/tailorankitbhaigopalbhai/Desktop/native-base/v4-gluestack/gluestack-ui/node_modules/jest-circus/build/legacy-code-todo-rewrite/jestAdapter.js:79:19)
    at runTestInternal (/Users/tailorankitbhaigopalbhai/Desktop/native-base/v4-gluestack/gluestack-ui/node_modules/jest-runner/build/runTest.js:367:16)
    at runTest (/Users/tailorankitbhaigopalbhai/Desktop/native-base/v4-gluestack/gluestack-ui/node_modules/jest-runner/build/runTest.js:444:34)
    at Object.worker (/Users/tailorankitbhaigopalbhai/Desktop/native-base/v4-gluestack/gluestack-ui/node_modules/jest-runner/build/testWorker.js:106:12)</failure>
    </testcase>
    <testcase classname="Checkbox component size lg" name="Checkbox component size lg" time="0.012">
      <failure>Error: expect(received).toMatchSnapshot()

Snapshot name: `Checkbox component size lg 1`

- Snapshot  - 1
+ Received  + 1

@@ -33,11 +33,11 @@
            &lt;div
              aria-label=&quot;Test Checkbox&quot;
              className=&quot;css-view-175oi2r&quot;
              data-style=&quot;896xuz-1q64x7k 1cx0eeq-1q64x7k&quot;
              dir={null}
-             id=&quot;react-aria2822413823-9&quot;
+             id=&quot;react-aria9151186279-9&quot;
              role=&quot;group&quot;
            &gt;
              &lt;label
                aria-label=&quot;Checkbox&quot;
                className=&quot;css-view-175oi2r&quot;
    at Object.&lt;anonymous&gt; (/Users/tailorankitbhaigopalbhai/Desktop/native-base/v4-gluestack/gluestack-ui/example/storybook/__tests__/Checkbox.test.js:47:24)
    at Promise.then.completed (/Users/tailorankitbhaigopalbhai/Desktop/native-base/v4-gluestack/gluestack-ui/node_modules/jest-circus/build/utils.js:293:28)
    at new Promise (&lt;anonymous&gt;)
    at callAsyncCircusFn (/Users/tailorankitbhaigopalbhai/Desktop/native-base/v4-gluestack/gluestack-ui/node_modules/jest-circus/build/utils.js:226:10)
    at _callCircusTest (/Users/tailorankitbhaigopalbhai/Desktop/native-base/v4-gluestack/gluestack-ui/node_modules/jest-circus/build/run.js:297:40)
    at _runTest (/Users/tailorankitbhaigopalbhai/Desktop/native-base/v4-gluestack/gluestack-ui/node_modules/jest-circus/build/run.js:233:3)
    at _runTestsForDescribeBlock (/Users/tailorankitbhaigopalbhai/Desktop/native-base/v4-gluestack/gluestack-ui/node_modules/jest-circus/build/run.js:135:9)
    at _runTestsForDescribeBlock (/Users/tailorankitbhaigopalbhai/Desktop/native-base/v4-gluestack/gluestack-ui/node_modules/jest-circus/build/run.js:130:9)
    at run (/Users/tailorankitbhaigopalbhai/Desktop/native-base/v4-gluestack/gluestack-ui/node_modules/jest-circus/build/run.js:68:3)
    at runAndTransformResultsToJestFormat (/Users/tailorankitbhaigopalbhai/Desktop/native-base/v4-gluestack/gluestack-ui/node_modules/jest-circus/build/legacy-code-todo-rewrite/jestAdapterInit.js:122:21)
    at jestAdapter (/Users/tailorankitbhaigopalbhai/Desktop/native-base/v4-gluestack/gluestack-ui/node_modules/jest-circus/build/legacy-code-todo-rewrite/jestAdapter.js:79:19)
    at runTestInternal (/Users/tailorankitbhaigopalbhai/Desktop/native-base/v4-gluestack/gluestack-ui/node_modules/jest-runner/build/runTest.js:367:16)
    at runTest (/Users/tailorankitbhaigopalbhai/Desktop/native-base/v4-gluestack/gluestack-ui/node_modules/jest-runner/build/runTest.js:444:34)
    at Object.worker (/Users/tailorankitbhaigopalbhai/Desktop/native-base/v4-gluestack/gluestack-ui/node_modules/jest-runner/build/testWorker.js:106:12)</failure>
    </testcase>
    <testcase classname="Checkbox component isInvalid" name="Checkbox component isInvalid" time="0.018">
      <failure>Error: expect(received).toMatchSnapshot()

Snapshot name: `Checkbox component isInvalid 1`

- Snapshot  - 1
+ Received  + 1

@@ -33,11 +33,11 @@
            &lt;div
              aria-label=&quot;Test Checkbox&quot;
              className=&quot;css-view-175oi2r&quot;
              data-style=&quot;896xuz-1q64x7k 1cx0eeq-1q64x7k&quot;
              dir={null}
-             id=&quot;react-aria2822413823-13&quot;
+             id=&quot;react-aria9151186279-13&quot;
              role=&quot;group&quot;
            &gt;
              &lt;label
                aria-label=&quot;Checkbox&quot;
                className=&quot;css-view-175oi2r&quot;
    at Object.&lt;anonymous&gt; (/Users/tailorankitbhaigopalbhai/Desktop/native-base/v4-gluestack/gluestack-ui/example/storybook/__tests__/Checkbox.test.js:31:22)
    at Promise.then.completed (/Users/tailorankitbhaigopalbhai/Desktop/native-base/v4-gluestack/gluestack-ui/node_modules/jest-circus/build/utils.js:293:28)
    at new Promise (&lt;anonymous&gt;)
    at callAsyncCircusFn (/Users/tailorankitbhaigopalbhai/Desktop/native-base/v4-gluestack/gluestack-ui/node_modules/jest-circus/build/utils.js:226:10)
    at _callCircusTest (/Users/tailorankitbhaigopalbhai/Desktop/native-base/v4-gluestack/gluestack-ui/node_modules/jest-circus/build/run.js:297:40)
    at _runTest (/Users/tailorankitbhaigopalbhai/Desktop/native-base/v4-gluestack/gluestack-ui/node_modules/jest-circus/build/run.js:233:3)
    at _runTestsForDescribeBlock (/Users/tailorankitbhaigopalbhai/Desktop/native-base/v4-gluestack/gluestack-ui/node_modules/jest-circus/build/run.js:135:9)
    at _runTestsForDescribeBlock (/Users/tailorankitbhaigopalbhai/Desktop/native-base/v4-gluestack/gluestack-ui/node_modules/jest-circus/build/run.js:130:9)
    at run (/Users/tailorankitbhaigopalbhai/Desktop/native-base/v4-gluestack/gluestack-ui/node_modules/jest-circus/build/run.js:68:3)
    at runAndTransformResultsToJestFormat (/Users/tailorankitbhaigopalbhai/Desktop/native-base/v4-gluestack/gluestack-ui/node_modules/jest-circus/build/legacy-code-todo-rewrite/jestAdapterInit.js:122:21)
    at jestAdapter (/Users/tailorankitbhaigopalbhai/Desktop/native-base/v4-gluestack/gluestack-ui/node_modules/jest-circus/build/legacy-code-todo-rewrite/jestAdapter.js:79:19)
    at runTestInternal (/Users/tailorankitbhaigopalbhai/Desktop/native-base/v4-gluestack/gluestack-ui/node_modules/jest-runner/build/runTest.js:367:16)
    at runTest (/Users/tailorankitbhaigopalbhai/Desktop/native-base/v4-gluestack/gluestack-ui/node_modules/jest-runner/build/runTest.js:444:34)
    at Object.worker (/Users/tailorankitbhaigopalbhai/Desktop/native-base/v4-gluestack/gluestack-ui/node_modules/jest-runner/build/testWorker.js:106:12)</failure>
    </testcase>
    <testcase classname="Checkbox component isDisabled" name="Checkbox component isDisabled" time="0.018">
      <failure>Error: expect(received).toMatchSnapshot()

Snapshot name: `Checkbox component isDisabled 1`

- Snapshot  - 1
+ Received  + 1

@@ -34,11 +34,11 @@
              aria-disabled={true}
              aria-label=&quot;Test Checkbox&quot;
              className=&quot;css-view-175oi2r&quot;
              data-style=&quot;896xuz-1q64x7k 1cx0eeq-1q64x7k&quot;
              dir={null}
-             id=&quot;react-aria2822413823-17&quot;
+             id=&quot;react-aria9151186279-17&quot;
              role=&quot;group&quot;
            &gt;
              &lt;label
                aria-label=&quot;Checkbox&quot;
                className=&quot;css-view-175oi2r&quot;
    at Object.&lt;anonymous&gt; (/Users/tailorankitbhaigopalbhai/Desktop/native-base/v4-gluestack/gluestack-ui/example/storybook/__tests__/Checkbox.test.js:31:22)
    at Promise.then.completed (/Users/tailorankitbhaigopalbhai/Desktop/native-base/v4-gluestack/gluestack-ui/node_modules/jest-circus/build/utils.js:293:28)
    at new Promise (&lt;anonymous&gt;)
    at callAsyncCircusFn (/Users/tailorankitbhaigopalbhai/Desktop/native-base/v4-gluestack/gluestack-ui/node_modules/jest-circus/build/utils.js:226:10)
    at _callCircusTest (/Users/tailorankitbhaigopalbhai/Desktop/native-base/v4-gluestack/gluestack-ui/node_modules/jest-circus/build/run.js:297:40)
    at _runTest (/Users/tailorankitbhaigopalbhai/Desktop/native-base/v4-gluestack/gluestack-ui/node_modules/jest-circus/build/run.js:233:3)
    at _runTestsForDescribeBlock (/Users/tailorankitbhaigopalbhai/Desktop/native-base/v4-gluestack/gluestack-ui/node_modules/jest-circus/build/run.js:135:9)
    at _runTestsForDescribeBlock (/Users/tailorankitbhaigopalbhai/Desktop/native-base/v4-gluestack/gluestack-ui/node_modules/jest-circus/build/run.js:130:9)
    at run (/Users/tailorankitbhaigopalbhai/Desktop/native-base/v4-gluestack/gluestack-ui/node_modules/jest-circus/build/run.js:68:3)
    at runAndTransformResultsToJestFormat (/Users/tailorankitbhaigopalbhai/Desktop/native-base/v4-gluestack/gluestack-ui/node_modules/jest-circus/build/legacy-code-todo-rewrite/jestAdapterInit.js:122:21)
    at jestAdapter (/Users/tailorankitbhaigopalbhai/Desktop/native-base/v4-gluestack/gluestack-ui/node_modules/jest-circus/build/legacy-code-todo-rewrite/jestAdapter.js:79:19)
    at runTestInternal (/Users/tailorankitbhaigopalbhai/Desktop/native-base/v4-gluestack/gluestack-ui/node_modules/jest-runner/build/runTest.js:367:16)
    at runTest (/Users/tailorankitbhaigopalbhai/Desktop/native-base/v4-gluestack/gluestack-ui/node_modules/jest-runner/build/runTest.js:444:34)
    at Object.worker (/Users/tailorankitbhaigopalbhai/Desktop/native-base/v4-gluestack/gluestack-ui/node_modules/jest-runner/build/testWorker.js:106:12)</failure>
    </testcase>
    <testcase classname="Checkbox component isReadOnly" name="Checkbox component isReadOnly" time="0.014">
      <failure>Error: expect(received).toMatchSnapshot()

Snapshot name: `Checkbox component isReadOnly 1`

- Snapshot  - 1
+ Received  + 1

@@ -33,11 +33,11 @@
            &lt;div
              aria-label=&quot;Test Checkbox&quot;
              className=&quot;css-view-175oi2r&quot;
              data-style=&quot;896xuz-1q64x7k 1cx0eeq-1q64x7k&quot;
              dir={null}
-             id=&quot;react-aria2822413823-21&quot;
+             id=&quot;react-aria9151186279-21&quot;
              role=&quot;group&quot;
            &gt;
              &lt;label
                aria-label=&quot;Checkbox&quot;
                className=&quot;css-view-175oi2r&quot;
    at Object.&lt;anonymous&gt; (/Users/tailorankitbhaigopalbhai/Desktop/native-base/v4-gluestack/gluestack-ui/example/storybook/__tests__/Checkbox.test.js:31:22)
    at Promise.then.completed (/Users/tailorankitbhaigopalbhai/Desktop/native-base/v4-gluestack/gluestack-ui/node_modules/jest-circus/build/utils.js:293:28)
    at new Promise (&lt;anonymous&gt;)
    at callAsyncCircusFn (/Users/tailorankitbhaigopalbhai/Desktop/native-base/v4-gluestack/gluestack-ui/node_modules/jest-circus/build/utils.js:226:10)
    at _callCircusTest (/Users/tailorankitbhaigopalbhai/Desktop/native-base/v4-gluestack/gluestack-ui/node_modules/jest-circus/build/run.js:297:40)
    at runNextTicks (node:internal/process/task_queues:61:5)
    at listOnTimeout (node:internal/timers:528:9)
    at processTimers (node:internal/timers:502:7)
    at _runTest (/Users/tailorankitbhaigopalbhai/Desktop/native-base/v4-gluestack/gluestack-ui/node_modules/jest-circus/build/run.js:233:3)
    at _runTestsForDescribeBlock (/Users/tailorankitbhaigopalbhai/Desktop/native-base/v4-gluestack/gluestack-ui/node_modules/jest-circus/build/run.js:135:9)
    at _runTestsForDescribeBlock (/Users/tailorankitbhaigopalbhai/Desktop/native-base/v4-gluestack/gluestack-ui/node_modules/jest-circus/build/run.js:130:9)
    at run (/Users/tailorankitbhaigopalbhai/Desktop/native-base/v4-gluestack/gluestack-ui/node_modules/jest-circus/build/run.js:68:3)
    at runAndTransformResultsToJestFormat (/Users/tailorankitbhaigopalbhai/Desktop/native-base/v4-gluestack/gluestack-ui/node_modules/jest-circus/build/legacy-code-todo-rewrite/jestAdapterInit.js:122:21)
    at jestAdapter (/Users/tailorankitbhaigopalbhai/Desktop/native-base/v4-gluestack/gluestack-ui/node_modules/jest-circus/build/legacy-code-todo-rewrite/jestAdapter.js:79:19)
    at runTestInternal (/Users/tailorankitbhaigopalbhai/Desktop/native-base/v4-gluestack/gluestack-ui/node_modules/jest-runner/build/runTest.js:367:16)
    at runTest (/Users/tailorankitbhaigopalbhai/Desktop/native-base/v4-gluestack/gluestack-ui/node_modules/jest-runner/build/runTest.js:444:34)
    at Object.worker (/Users/tailorankitbhaigopalbhai/Desktop/native-base/v4-gluestack/gluestack-ui/node_modules/jest-runner/build/testWorker.js:106:12)</failure>
    </testcase>
  </testsuite>
  <testsuite name="Button component" errors="0" failures="0" skipped="0" timestamp="2023-04-11T10:43:44" time="5.265" tests="12">
    <testcase classname="Button component action primary" name="Button component action primary" time="0.043">
    </testcase>
    <testcase classname="Button component action secondary" name="Button component action secondary" time="0.005">
    </testcase>
    <testcase classname="Button component action positive" name="Button component action positive" time="0.003">
    </testcase>
    <testcase classname="Button component action negative" name="Button component action negative" time="0.003">
    </testcase>
    <testcase classname="Button component variant link" name="Button component variant link" time="0.006">
    </testcase>
    <testcase classname="Button component variant outline" name="Button component variant outline" time="0.004">
    </testcase>
    <testcase classname="Button component variant solid" name="Button component variant solid" time="0.003">
    </testcase>
    <testcase classname="Button component size xs" name="Button component size xs" time="0.003">
    </testcase>
    <testcase classname="Button component size sm" name="Button component size sm" time="0.007">
    </testcase>
    <testcase classname="Button component size md" name="Button component size md" time="0.004">
    </testcase>
    <testcase classname="Button component size lg" name="Button component size lg" time="0.002">
    </testcase>
    <testcase classname="Button component size xl" name="Button component size xl" time="0.003">
    </testcase>
  </testsuite>
</testsuites>